{"/Users/sunny/specwright/src/lib/agents/adversary.ts": {"path":"/Users/sunny/specwright/src/lib/agents/adversary.ts","statementMap":{"0":{"start":{"line":27,"column":2},"end":{"line":27,"column":null}},"1":{"start":{"line":27,"column":53},"end":{"line":27,"column":null}},"2":{"start":{"line":28,"column":12},"end":{"line":28,"column":null}},"3":{"start":{"line":29,"column":2},"end":{"line":29,"column":null}},"4":{"start":{"line":29,"column":40},"end":{"line":29,"column":null}},"5":{"start":{"line":30,"column":2},"end":{"line":30,"column":null}},"6":{"start":{"line":30,"column":37},"end":{"line":30,"column":null}},"7":{"start":{"line":31,"column":2},"end":{"line":31,"column":null}},"8":{"start":{"line":31,"column":34},"end":{"line":31,"column":null}},"9":{"start":{"line":32,"column":2},"end":{"line":32,"column":null}},"10":{"start":{"line":32,"column":51},"end":{"line":32,"column":null}},"11":{"start":{"line":33,"column":2},"end":{"line":33,"column":null}},"12":{"start":{"line":33,"column":46},"end":{"line":33,"column":null}},"13":{"start":{"line":34,"column":2},"end":{"line":34,"column":null}},"14":{"start":{"line":34,"column":58},"end":{"line":34,"column":null}},"15":{"start":{"line":36,"column":2},"end":{"line":38,"column":null}},"16":{"start":{"line":37,"column":4},"end":{"line":37,"column":null}},"17":{"start":{"line":37,"column":34},"end":{"line":37,"column":null}},"18":{"start":{"line":39,"column":2},"end":{"line":39,"column":null}},"19":{"start":{"line":43,"column":2},"end":{"line":43,"column":null}},"20":{"start":{"line":43,"column":43},"end":{"line":43,"column":null}},"21":{"start":{"line":44,"column":18},"end":{"line":44,"column":null}},"22":{"start":{"line":45,"column":21},"end":{"line":45,"column":null}},"23":{"start":{"line":46,"column":26},"end":{"line":46,"column":null}},"24":{"start":{"line":47,"column":2},"end":{"line":50,"column":null}},"25":{"start":{"line":62,"column":24},"end":{"line":62,"column":null}},"26":{"start":{"line":62,"column":47},"end":{"line":62,"column":72}},"27":{"start":{"line":63,"column":2},"end":{"line":69,"column":null}},"28":{"start":{"line":68,"column":84},"end":{"line":68,"column":108}}},"fnMap":{"0":{"name":"validateAdversaryOutput","decl":{"start":{"line":26,"column":16},"end":{"line":26,"column":40}},"loc":{"start":{"line":26,"column":84},"end":{"line":40,"column":null}},"line":26},"1":{"name":"isValidFinding","decl":{"start":{"line":42,"column":9},"end":{"line":42,"column":24}},"loc":{"start":{"line":42,"column":59},"end":{"line":52,"column":null}},"line":42},"2":{"name":"createMockAdversaryReview","decl":{"start":{"line":57,"column":16},"end":{"line":57,"column":null}},"loc":{"start":{"line":61,"column":19},"end":{"line":70,"column":null}},"line":61},"3":{"name":"(anonymous_3)","decl":{"start":{"line":62,"column":40},"end":{"line":62,"column":41}},"loc":{"start":{"line":62,"column":47},"end":{"line":62,"column":72}},"line":62},"4":{"name":"(anonymous_4)","decl":{"start":{"line":68,"column":77},"end":{"line":68,"column":78}},"loc":{"start":{"line":68,"column":84},"end":{"line":68,"column":108}},"line":68}},"branchMap":{"0":{"loc":{"start":{"line":27,"column":2},"end":{"line":27,"column":null}},"type":"if","locations":[{"start":{"line":27,"column":2},"end":{"line":27,"column":null}},{"start":{},"end":{}}],"line":27},"1":{"loc":{"start":{"line":27,"column":6},"end":{"line":27,"column":53}},"type":"binary-expr","locations":[{"start":{"line":27,"column":6},"end":{"line":27,"column":36}},{"start":{"line":27,"column":36},"end":{"line":27,"column":53}}],"line":27},"2":{"loc":{"start":{"line":29,"column":2},"end":{"line":29,"column":null}},"type":"if","locations":[{"start":{"line":29,"column":2},"end":{"line":29,"column":null}},{"start":{},"end":{}}],"line":29},"3":{"loc":{"start":{"line":30,"column":2},"end":{"line":30,"column":null}},"type":"if","locations":[{"start":{"line":30,"column":2},"end":{"line":30,"column":null}},{"start":{},"end":{}}],"line":30},"4":{"loc":{"start":{"line":31,"column":2},"end":{"line":31,"column":null}},"type":"if","locations":[{"start":{"line":31,"column":2},"end":{"line":31,"column":null}},{"start":{},"end":{}}],"line":31},"5":{"loc":{"start":{"line":32,"column":2},"end":{"line":32,"column":null}},"type":"if","locations":[{"start":{"line":32,"column":2},"end":{"line":32,"column":null}},{"start":{},"end":{}}],"line":32},"6":{"loc":{"start":{"line":33,"column":2},"end":{"line":33,"column":null}},"type":"if","locations":[{"start":{"line":33,"column":2},"end":{"line":33,"column":null}},{"start":{},"end":{}}],"line":33},"7":{"loc":{"start":{"line":34,"column":2},"end":{"line":34,"column":null}},"type":"if","locations":[{"start":{"line":34,"column":2},"end":{"line":34,"column":null}},{"start":{},"end":{}}],"line":34},"8":{"loc":{"start":{"line":34,"column":6},"end":{"line":34,"column":58}},"type":"binary-expr","locations":[{"start":{"line":34,"column":6},"end":{"line":34,"column":32}},{"start":{"line":34,"column":32},"end":{"line":34,"column":58}}],"line":34},"9":{"loc":{"start":{"line":37,"column":4},"end":{"line":37,"column":null}},"type":"if","locations":[{"start":{"line":37,"column":4},"end":{"line":37,"column":null}},{"start":{},"end":{}}],"line":37},"10":{"loc":{"start":{"line":43,"column":2},"end":{"line":43,"column":null}},"type":"if","locations":[{"start":{"line":43,"column":2},"end":{"line":43,"column":null}},{"start":{},"end":{}}],"line":43},"11":{"loc":{"start":{"line":43,"column":6},"end":{"line":43,"column":43}},"type":"binary-expr","locations":[{"start":{"line":43,"column":6},"end":{"line":43,"column":31}},{"start":{"line":43,"column":31},"end":{"line":43,"column":43}}],"line":43},"12":{"loc":{"start":{"line":48,"column":4},"end":{"line":50,"column":null}},"type":"binary-expr","locations":[{"start":{"line":48,"column":4},"end":{"line":48,"column":null}},{"start":{"line":49,"column":4},"end":{"line":49,"column":null}},{"start":{"line":50,"column":4},"end":{"line":50,"column":null}}],"line":48},"13":{"loc":{"start":{"line":60,"column":2},"end":{"line":60,"column":null}},"type":"default-arg","locations":[{"start":{"line":60,"column":33},"end":{"line":60,"column":null}}],"line":60}},"s":{"0":12,"1":3,"2":9,"3":9,"4":1,"5":8,"6":0,"7":8,"8":1,"9":7,"10":0,"11":7,"12":0,"13":7,"14":2,"15":5,"16":5,"17":2,"18":3,"19":5,"20":0,"21":5,"22":5,"23":5,"24":5,"25":17,"26":9,"27":17,"28":9},"f":{"0":12,"1":5,"2":17,"3":9,"4":9},"b":{"0":[3,9],"1":[12,10],"2":[1,8],"3":[0,8],"4":[1,7],"5":[0,7],"6":[0,7],"7":[2,5],"8":[7,6],"9":[2,3],"10":[0,5],"11":[5,5],"12":[5,4,3],"13":[17]},"meta":{"lastBranch":14,"lastFunction":5,"lastStatement":29,"seen":{"f:26:16:26:40":0,"b:27:2:27:Infinity:undefined:undefined:undefined:undefined":0,"s:27:2:27:Infinity":0,"b:27:6:27:36:27:36:27:53":1,"s:27:53:27:Infinity":1,"s:28:12:28:Infinity":2,"b:29:2:29:Infinity:undefined:undefined:undefined:undefined":2,"s:29:2:29:Infinity":3,"s:29:40:29:Infinity":4,"b:30:2:30:Infinity:undefined:undefined:undefined:undefined":3,"s:30:2:30:Infinity":5,"s:30:37:30:Infinity":6,"b:31:2:31:Infinity:undefined:undefined:undefined:undefined":4,"s:31:2:31:Infinity":7,"s:31:34:31:Infinity":8,"b:32:2:32:Infinity:undefined:undefined:undefined:undefined":5,"s:32:2:32:Infinity":9,"s:32:51:32:Infinity":10,"b:33:2:33:Infinity:undefined:undefined:undefined:undefined":6,"s:33:2:33:Infinity":11,"s:33:46:33:Infinity":12,"b:34:2:34:Infinity:undefined:undefined:undefined:undefined":7,"s:34:2:34:Infinity":13,"b:34:6:34:32:34:32:34:58":8,"s:34:58:34:Infinity":14,"s:36:2:38:Infinity":15,"b:37:4:37:Infinity:undefined:undefined:undefined:undefined":9,"s:37:4:37:Infinity":16,"s:37:34:37:Infinity":17,"s:39:2:39:Infinity":18,"f:42:9:42:24":1,"b:43:2:43:Infinity:undefined:undefined:undefined:undefined":10,"s:43:2:43:Infinity":19,"b:43:6:43:31:43:31:43:43":11,"s:43:43:43:Infinity":20,"s:44:18:44:Infinity":21,"s:45:21:45:Infinity":22,"s:46:26:46:Infinity":23,"s:47:2:50:Infinity":24,"b:48:4:48:Infinity:49:4:49:Infinity:50:4:50:Infinity":12,"f:57:16:57:Infinity":2,"b:60:33:60:Infinity":13,"s:62:24:62:Infinity":25,"f:62:40:62:41":3,"s:62:47:62:72":26,"s:63:2:69:Infinity":27,"f:68:77:68:78":4,"s:68:84:68:108":28}}}
,"/Users/sunny/specwright/src/lib/agents/context-harvester.ts": {"path":"/Users/sunny/specwright/src/lib/agents/context-harvester.ts","statementMap":{"0":{"start":{"line":20,"column":77},"end":{"line":20,"column":null}},"1":{"start":{"line":22,"column":14},"end":{"line":22,"column":null}},"2":{"start":{"line":24,"column":2},"end":{"line":34,"column":null}},"3":{"start":{"line":26,"column":24},"end":{"line":26,"column":null}},"4":{"start":{"line":27,"column":18},"end":{"line":29,"column":null}},"5":{"start":{"line":30,"column":27},"end":{"line":30,"column":null}},"6":{"start":{"line":31,"column":23},"end":{"line":31,"column":null}},"7":{"start":{"line":32,"column":6},"end":{"line":32,"column":null}},"8":{"start":{"line":34,"column":20},"end":{"line":34,"column":37}},"9":{"start":{"line":45,"column":17},"end":{"line":45,"column":null}},"10":{"start":{"line":46,"column":2},"end":{"line":46,"column":null}}},"fnMap":{"0":{"name":"rerankChunks","decl":{"start":{"line":16,"column":16},"end":{"line":16,"column":null}},"loc":{"start":{"line":19,"column":18},"end":{"line":35,"column":null}},"line":19},"1":{"name":"(anonymous_1)","decl":{"start":{"line":25,"column":9},"end":{"line":25,"column":10}},"loc":{"start":{"line":25,"column":20},"end":{"line":33,"column":5}},"line":25},"2":{"name":"(anonymous_2)","decl":{"start":{"line":34,"column":10},"end":{"line":34,"column":11}},"loc":{"start":{"line":34,"column":20},"end":{"line":34,"column":37}},"line":34},"3":{"name":"harvestContext","decl":{"start":{"line":40,"column":16},"end":{"line":40,"column":null}},"loc":{"start":{"line":44,"column":18},"end":{"line":47,"column":null}},"line":44}},"branchMap":{"0":{"loc":{"start":{"line":18,"column":2},"end":{"line":18,"column":null}},"type":"default-arg","locations":[{"start":{"line":18,"column":26},"end":{"line":18,"column":null}}],"line":18},"1":{"loc":{"start":{"line":20,"column":10},"end":{"line":20,"column":31}},"type":"default-arg","locations":[{"start":{"line":20,"column":26},"end":{"line":20,"column":31}}],"line":20},"2":{"loc":{"start":{"line":20,"column":31},"end":{"line":20,"column":55}},"type":"default-arg","locations":[{"start":{"line":20,"column":50},"end":{"line":20,"column":55}}],"line":20},"3":{"loc":{"start":{"line":20,"column":55},"end":{"line":20,"column":73}},"type":"default-arg","locations":[{"start":{"line":20,"column":70},"end":{"line":20,"column":73}}],"line":20},"4":{"loc":{"start":{"line":27,"column":18},"end":{"line":29,"column":null}},"type":"cond-expr","locations":[{"start":{"line":27,"column":18},"end":{"line":28,"column":null}},{"start":{"line":29,"column":10},"end":{"line":29,"column":null}}],"line":27},"5":{"loc":{"start":{"line":42,"column":2},"end":{"line":42,"column":null}},"type":"default-arg","locations":[{"start":{"line":42,"column":17},"end":{"line":42,"column":null}}],"line":42},"6":{"loc":{"start":{"line":43,"column":2},"end":{"line":43,"column":null}},"type":"default-arg","locations":[{"start":{"line":43,"column":26},"end":{"line":43,"column":null}}],"line":43}},"s":{"0":10,"1":10,"2":10,"3":28,"4":28,"5":28,"6":28,"7":28,"8":34,"9":4,"10":4},"f":{"0":10,"1":28,"2":34,"3":4},"b":{"0":[10],"1":[10],"2":[10],"3":[10],"4":[27,1],"5":[4],"6":[4]},"meta":{"lastBranch":7,"lastFunction":4,"lastStatement":11,"seen":{"f:16:16:16:Infinity":0,"b:18:26:18:Infinity":0,"s:20:77:20:Infinity":0,"b:20:26:20:31":1,"b:20:50:20:55":2,"b:20:70:20:73":3,"s:22:14:22:Infinity":1,"s:24:2:34:Infinity":2,"f:25:9:25:10":1,"s:26:24:26:Infinity":3,"s:27:18:29:Infinity":4,"b:27:18:28:Infinity:29:10:29:Infinity":4,"s:30:27:30:Infinity":5,"s:31:23:31:Infinity":6,"s:32:6:32:Infinity":7,"f:34:10:34:11":2,"s:34:20:34:37":8,"f:40:16:40:Infinity":3,"b:42:17:42:Infinity":5,"b:43:26:43:Infinity":6,"s:45:17:45:Infinity":9,"s:46:2:46:Infinity":10}}}
,"/Users/sunny/specwright/src/lib/agents/orchestrator.ts": {"path":"/Users/sunny/specwright/src/lib/agents/orchestrator.ts","statementMap":{"0":{"start":{"line":19,"column":26},"end":{"line":19,"column":null}},"1":{"start":{"line":30,"column":20},"end":{"line":30,"column":null}},"2":{"start":{"line":31,"column":18},"end":{"line":31,"column":null}},"3":{"start":{"line":32,"column":20},"end":{"line":32,"column":null}},"4":{"start":{"line":33,"column":19},"end":{"line":33,"column":null}},"5":{"start":{"line":35,"column":35},"end":{"line":35,"column":null}},"6":{"start":{"line":37,"column":2},"end":{"line":60,"column":null}},"7":{"start":{"line":38,"column":17},"end":{"line":38,"column":null}},"8":{"start":{"line":39,"column":4},"end":{"line":44,"column":null}},"9":{"start":{"line":46,"column":4},"end":{"line":49,"column":null}},"10":{"start":{"line":47,"column":6},"end":{"line":47,"column":null}},"11":{"start":{"line":48,"column":6},"end":{"line":48,"column":null}},"12":{"start":{"line":52,"column":4},"end":{"line":59,"column":null}},"13":{"start":{"line":53,"column":6},"end":{"line":58,"column":null}},"14":{"start":{"line":54,"column":28},"end":{"line":54,"column":null}},"15":{"start":{"line":55,"column":8},"end":{"line":55,"column":null}},"16":{"start":{"line":57,"column":8},"end":{"line":57,"column":null}},"17":{"start":{"line":62,"column":2},"end":{"line":68,"column":null}}},"fnMap":{"0":{"name":"runReActLoop","decl":{"start":{"line":25,"column":22},"end":{"line":25,"column":null}},"loc":{"start":{"line":29,"column":23},"end":{"line":69,"column":null}},"line":29}},"branchMap":{"0":{"loc":{"start":{"line":28,"column":2},"end":{"line":28,"column":null}},"type":"default-arg","locations":[{"start":{"line":28,"column":31},"end":{"line":28,"column":null}}],"line":28},"1":{"loc":{"start":{"line":31,"column":18},"end":{"line":31,"column":null}},"type":"binary-expr","locations":[{"start":{"line":31,"column":18},"end":{"line":31,"column":36}},{"start":{"line":31,"column":36},"end":{"line":31,"column":null}}],"line":31},"2":{"loc":{"start":{"line":33,"column":19},"end":{"line":33,"column":null}},"type":"binary-expr","locations":[{"start":{"line":33,"column":19},"end":{"line":33,"column":38}},{"start":{"line":33,"column":38},"end":{"line":33,"column":null}}],"line":33},"3":{"loc":{"start":{"line":37,"column":9},"end":{"line":37,"column":55}},"type":"binary-expr","locations":[{"start":{"line":37,"column":9},"end":{"line":37,"column":24}},{"start":{"line":37,"column":24},"end":{"line":37,"column":55}}],"line":37},"4":{"loc":{"start":{"line":46,"column":4},"end":{"line":49,"column":null}},"type":"if","locations":[{"start":{"line":46,"column":4},"end":{"line":49,"column":null}},{"start":{},"end":{}}],"line":46},"5":{"loc":{"start":{"line":52,"column":4},"end":{"line":59,"column":null}},"type":"if","locations":[{"start":{"line":52,"column":4},"end":{"line":59,"column":null}},{"start":{},"end":{}}],"line":52},"6":{"loc":{"start":{"line":52,"column":8},"end":{"line":52,"column":51}},"type":"binary-expr","locations":[{"start":{"line":52,"column":8},"end":{"line":52,"column":22}},{"start":{"line":52,"column":22},"end":{"line":52,"column":51}}],"line":52}},"s":{"0":1,"1":7,"2":7,"3":7,"4":7,"5":7,"6":7,"7":12,"8":12,"9":12,"10":6,"11":6,"12":12,"13":2,"14":2,"15":1,"16":1,"17":7},"f":{"0":7},"b":{"0":[7],"1":[7,6],"2":[7,6],"3":[7,13],"4":[6,6],"5":[2,10],"6":[12,6]},"meta":{"lastBranch":7,"lastFunction":1,"lastStatement":18,"seen":{"s:19:26:19:Infinity":0,"f:25:22:25:Infinity":0,"b:28:31:28:Infinity":0,"s:30:20:30:Infinity":1,"s:31:18:31:Infinity":2,"b:31:18:31:36:31:36:31:Infinity":1,"s:32:20:32:Infinity":3,"s:33:19:33:Infinity":4,"b:33:19:33:38:33:38:33:Infinity":2,"s:35:35:35:Infinity":5,"s:37:2:60:Infinity":6,"b:37:9:37:24:37:24:37:55":3,"s:38:17:38:Infinity":7,"s:39:4:44:Infinity":8,"b:46:4:49:Infinity:undefined:undefined:undefined:undefined":4,"s:46:4:49:Infinity":9,"s:47:6:47:Infinity":10,"s:48:6:48:Infinity":11,"b:52:4:59:Infinity:undefined:undefined:undefined:undefined":5,"s:52:4:59:Infinity":12,"b:52:8:52:22:52:22:52:51":6,"s:53:6:58:Infinity":13,"s:54:28:54:Infinity":14,"s:55:8:55:Infinity":15,"s:57:8:57:Infinity":16,"s:62:2:68:Infinity":17}}}
,"/Users/sunny/specwright/src/lib/agents/types.ts": {"path":"/Users/sunny/specwright/src/lib/agents/types.ts","statementMap":{},"fnMap":{},"branchMap":{},"s":{},"f":{},"b":{},"meta":{"lastBranch":0,"lastFunction":0,"lastStatement":0,"seen":{}}}
,"/Users/sunny/specwright/src/lib/ingestion/chunker.ts": {"path":"/Users/sunny/specwright/src/lib/ingestion/chunker.ts","statementMap":{"0":{"start":{"line":24,"column":32},"end":{"line":24,"column":null}},"1":{"start":{"line":25,"column":23},"end":{"line":25,"column":null}},"2":{"start":{"line":35,"column":25},"end":{"line":35,"column":null}},"3":{"start":{"line":38,"column":2},"end":{"line":52,"column":null}},"4":{"start":{"line":40,"column":4},"end":{"line":43,"column":null}},"5":{"start":{"line":42,"column":18},"end":{"line":42,"column":26}},"6":{"start":{"line":46,"column":23},"end":{"line":50,"column":null}},"7":{"start":{"line":48,"column":25},"end":{"line":48,"column":46}},"8":{"start":{"line":49,"column":18},"end":{"line":49,"column":26}},"9":{"start":{"line":51,"column":4},"end":{"line":51,"column":null}},"10":{"start":{"line":54,"column":23},"end":{"line":54,"column":null}},"11":{"start":{"line":56,"column":2},"end":{"line":65,"column":null}},"12":{"start":{"line":56,"column":47},"end":{"line":65,"column":4}},"13":{"start":{"line":69,"column":2},"end":{"line":69,"column":null}},"14":{"start":{"line":69,"column":41},"end":{"line":69,"column":null}},"15":{"start":{"line":70,"column":2},"end":{"line":70,"column":null}},"16":{"start":{"line":74,"column":27},"end":{"line":74,"column":null}},"17":{"start":{"line":75,"column":15},"end":{"line":75,"column":null}},"18":{"start":{"line":77,"column":2},"end":{"line":84,"column":null}},"19":{"start":{"line":78,"column":4},"end":{"line":83,"column":null}},"20":{"start":{"line":79,"column":6},"end":{"line":79,"column":null}},"21":{"start":{"line":79,"column":18},"end":{"line":79,"column":null}},"22":{"start":{"line":80,"column":6},"end":{"line":80,"column":null}},"23":{"start":{"line":82,"column":6},"end":{"line":82,"column":null}},"24":{"start":{"line":85,"column":2},"end":{"line":85,"column":null}},"25":{"start":{"line":85,"column":21},"end":{"line":85,"column":null}},"26":{"start":{"line":86,"column":2},"end":{"line":86,"column":null}},"27":{"start":{"line":90,"column":16},"end":{"line":90,"column":null}},"28":{"start":{"line":91,"column":2},"end":{"line":91,"column":null}},"29":{"start":{"line":99,"column":14},"end":{"line":99,"column":null}},"30":{"start":{"line":100,"column":15},"end":{"line":100,"column":null}},"31":{"start":{"line":101,"column":2},"end":{"line":101,"column":null}},"32":{"start":{"line":101,"column":19},"end":{"line":101,"column":null}},"33":{"start":{"line":103,"column":16},"end":{"line":103,"column":null}},"34":{"start":{"line":104,"column":18},"end":{"line":104,"column":null}},"35":{"start":{"line":106,"column":2},"end":{"line":106,"column":null}}},"fnMap":{"0":{"name":"semanticChunk","decl":{"start":{"line":30,"column":16},"end":{"line":30,"column":null}},"loc":{"start":{"line":33,"column":11},"end":{"line":66,"column":null}},"line":33},"1":{"name":"(anonymous_1)","decl":{"start":{"line":42,"column":11},"end":{"line":42,"column":12}},"loc":{"start":{"line":42,"column":18},"end":{"line":42,"column":26}},"line":42},"2":{"name":"(anonymous_2)","decl":{"start":{"line":48,"column":15},"end":{"line":48,"column":16}},"loc":{"start":{"line":48,"column":25},"end":{"line":48,"column":46}},"line":48},"3":{"name":"(anonymous_3)","decl":{"start":{"line":49,"column":11},"end":{"line":49,"column":12}},"loc":{"start":{"line":49,"column":18},"end":{"line":49,"column":26}},"line":49},"4":{"name":"(anonymous_4)","decl":{"start":{"line":56,"column":23},"end":{"line":56,"column":24}},"loc":{"start":{"line":56,"column":47},"end":{"line":65,"column":4}},"line":56},"5":{"name":"splitBySentence","decl":{"start":{"line":68,"column":9},"end":{"line":68,"column":25}},"loc":{"start":{"line":68,"column":49},"end":{"line":71,"column":null}},"line":68},"6":{"name":"normalizeSizes","decl":{"start":{"line":73,"column":9},"end":{"line":73,"column":24}},"loc":{"start":{"line":73,"column":52},"end":{"line":87,"column":null}},"line":73},"7":{"name":"extractSpeaker","decl":{"start":{"line":89,"column":9},"end":{"line":89,"column":24}},"loc":{"start":{"line":89,"column":58},"end":{"line":92,"column":null}},"line":89},"8":{"name":"calculateTimeDecayWeight","decl":{"start":{"line":98,"column":16},"end":{"line":98,"column":41}},"loc":{"start":{"line":98,"column":87},"end":{"line":107,"column":null}},"line":98}},"branchMap":{"0":{"loc":{"start":{"line":38,"column":2},"end":{"line":52,"column":null}},"type":"if","locations":[{"start":{"line":38,"column":2},"end":{"line":52,"column":null}},{"start":{"line":44,"column":9},"end":{"line":52,"column":null}}],"line":38},"1":{"loc":{"start":{"line":69,"column":2},"end":{"line":69,"column":null}},"type":"if","locations":[{"start":{"line":69,"column":2},"end":{"line":69,"column":null}},{"start":{},"end":{}}],"line":69},"2":{"loc":{"start":{"line":78,"column":4},"end":{"line":83,"column":null}},"type":"if","locations":[{"start":{"line":78,"column":4},"end":{"line":83,"column":null}},{"start":{"line":81,"column":11},"end":{"line":83,"column":null}}],"line":78},"3":{"loc":{"start":{"line":79,"column":6},"end":{"line":79,"column":null}},"type":"if","locations":[{"start":{"line":79,"column":6},"end":{"line":79,"column":null}},{"start":{},"end":{}}],"line":79},"4":{"loc":{"start":{"line":82,"column":15},"end":{"line":82,"column":null}},"type":"cond-expr","locations":[{"start":{"line":82,"column":24},"end":{"line":82,"column":48}},{"start":{"line":82,"column":48},"end":{"line":82,"column":null}}],"line":82},"5":{"loc":{"start":{"line":85,"column":2},"end":{"line":85,"column":null}},"type":"if","locations":[{"start":{"line":85,"column":2},"end":{"line":85,"column":null}},{"start":{},"end":{}}],"line":85},"6":{"loc":{"start":{"line":91,"column":9},"end":{"line":91,"column":null}},"type":"cond-expr","locations":[{"start":{"line":91,"column":17},"end":{"line":91,"column":28}},{"start":{"line":91,"column":28},"end":{"line":91,"column":null}}],"line":91},"7":{"loc":{"start":{"line":98,"column":60},"end":{"line":98,"column":87}},"type":"default-arg","locations":[{"start":{"line":98,"column":75},"end":{"line":98,"column":87}}],"line":98},"8":{"loc":{"start":{"line":101,"column":2},"end":{"line":101,"column":null}},"type":"if","locations":[{"start":{"line":101,"column":2},"end":{"line":101,"column":null}},{"start":{},"end":{}}],"line":101}},"s":{"0":2,"1":2,"2":19,"3":19,"4":3,"5":13,"6":16,"7":29,"8":29,"9":16,"10":19,"11":19,"12":29,"13":29,"14":29,"15":0,"16":16,"17":16,"18":16,"19":29,"20":0,"21":0,"22":0,"23":29,"24":16,"25":16,"26":16,"27":29,"28":29,"29":7,"30":7,"31":7,"32":1,"33":6,"34":6,"35":6},"f":{"0":19,"1":13,"2":29,"3":29,"4":29,"5":29,"6":16,"7":29,"8":7},"b":{"0":[3,16],"1":[29,0],"2":[0,29],"3":[0,0],"4":[13,16],"5":[16,0],"6":[14,15],"7":[7],"8":[1,6]},"meta":{"lastBranch":9,"lastFunction":9,"lastStatement":36,"seen":{"s:24:32:24:Infinity":0,"s:25:23:25:Infinity":1,"f:30:16:30:Infinity":0,"s:35:25:35:Infinity":2,"b:38:2:52:Infinity:44:9:52:Infinity":0,"s:38:2:52:Infinity":3,"s:40:4:43:Infinity":4,"f:42:11:42:12":1,"s:42:18:42:26":5,"s:46:23:50:Infinity":6,"f:48:15:48:16":2,"s:48:25:48:46":7,"f:49:11:49:12":3,"s:49:18:49:26":8,"s:51:4:51:Infinity":9,"s:54:23:54:Infinity":10,"s:56:2:65:Infinity":11,"f:56:23:56:24":4,"s:56:47:65:4":12,"f:68:9:68:25":5,"b:69:2:69:Infinity:undefined:undefined:undefined:undefined":1,"s:69:2:69:Infinity":13,"s:69:41:69:Infinity":14,"s:70:2:70:Infinity":15,"f:73:9:73:24":6,"s:74:27:74:Infinity":16,"s:75:15:75:Infinity":17,"s:77:2:84:Infinity":18,"b:78:4:83:Infinity:81:11:83:Infinity":2,"s:78:4:83:Infinity":19,"b:79:6:79:Infinity:undefined:undefined:undefined:undefined":3,"s:79:6:79:Infinity":20,"s:79:18:79:Infinity":21,"s:80:6:80:Infinity":22,"s:82:6:82:Infinity":23,"b:82:24:82:48:82:48:82:Infinity":4,"b:85:2:85:Infinity:undefined:undefined:undefined:undefined":5,"s:85:2:85:Infinity":24,"s:85:21:85:Infinity":25,"s:86:2:86:Infinity":26,"f:89:9:89:24":7,"s:90:16:90:Infinity":27,"s:91:2:91:Infinity":28,"b:91:17:91:28:91:28:91:Infinity":6,"f:98:16:98:41":8,"b:98:75:98:87":7,"s:99:14:99:Infinity":29,"s:100:15:100:Infinity":30,"b:101:2:101:Infinity:undefined:undefined:undefined:undefined":8,"s:101:2:101:Infinity":31,"s:101:19:101:Infinity":32,"s:103:16:103:Infinity":33,"s:104:18:104:Infinity":34,"s:106:2:106:Infinity":35}}}
,"/Users/sunny/specwright/src/lib/ingestion/embedder.ts": {"path":"/Users/sunny/specwright/src/lib/ingestion/embedder.ts","statementMap":{"0":{"start":{"line":6,"column":36},"end":{"line":6,"column":null}},"1":{"start":{"line":20,"column":15},"end":{"line":20,"column":null}},"2":{"start":{"line":20,"column":49},"end":{"line":20,"column":72}},"3":{"start":{"line":21,"column":17},"end":{"line":23,"column":null}},"4":{"start":{"line":23,"column":19},"end":{"line":23,"column":68}},"5":{"start":{"line":26,"column":15},"end":{"line":26,"column":null}},"6":{"start":{"line":26,"column":49},"end":{"line":26,"column":60}},"7":{"start":{"line":27,"column":2},"end":{"line":27,"column":null}},"8":{"start":{"line":27,"column":27},"end":{"line":27,"column":35}},"9":{"start":{"line":34,"column":2},"end":{"line":34,"column":null}},"10":{"start":{"line":42,"column":2},"end":{"line":44,"column":null}},"11":{"start":{"line":43,"column":4},"end":{"line":43,"column":null}},"12":{"start":{"line":43,"column":35},"end":{"line":43,"column":null}},"13":{"start":{"line":47,"column":2},"end":{"line":53,"column":null}},"14":{"start":{"line":52,"column":4},"end":{"line":52,"column":null}}},"fnMap":{"0":{"name":"mockEmbed","decl":{"start":{"line":19,"column":16},"end":{"line":19,"column":26}},"loc":{"start":{"line":19,"column":50},"end":{"line":28,"column":null}},"line":19},"1":{"name":"(anonymous_1)","decl":{"start":{"line":20,"column":37},"end":{"line":20,"column":38}},"loc":{"start":{"line":20,"column":49},"end":{"line":20,"column":72}},"line":20},"2":{"name":"(anonymous_2)","decl":{"start":{"line":23,"column":9},"end":{"line":23,"column":10}},"loc":{"start":{"line":23,"column":19},"end":{"line":23,"column":68}},"line":23},"3":{"name":"(anonymous_3)","decl":{"start":{"line":26,"column":39},"end":{"line":26,"column":40}},"loc":{"start":{"line":26,"column":49},"end":{"line":26,"column":60}},"line":26},"4":{"name":"(anonymous_4)","decl":{"start":{"line":27,"column":20},"end":{"line":27,"column":21}},"loc":{"start":{"line":27,"column":27},"end":{"line":27,"column":35}},"line":27},"5":{"name":"validateEmbeddingDimensions","decl":{"start":{"line":33,"column":16},"end":{"line":33,"column":44}},"loc":{"start":{"line":33,"column":71},"end":{"line":35,"column":null}},"line":33},"6":{"name":"createEmbedder","decl":{"start":{"line":40,"column":16},"end":{"line":40,"column":31}},"loc":{"start":{"line":40,"column":65},"end":{"line":54,"column":null}},"line":40},"7":{"name":"(anonymous_7)","decl":{"start":{"line":43,"column":11},"end":{"line":43,"column":18}},"loc":{"start":{"line":43,"column":35},"end":{"line":43,"column":null}},"line":43},"8":{"name":"(anonymous_8)","decl":{"start":{"line":47,"column":9},"end":{"line":47,"column":16}},"loc":{"start":{"line":47,"column":33},"end":{"line":53,"column":null}},"line":47}},"branchMap":{"0":{"loc":{"start":{"line":34,"column":9},"end":{"line":34,"column":null}},"type":"binary-expr","locations":[{"start":{"line":34,"column":9},"end":{"line":34,"column":34}},{"start":{"line":34,"column":34},"end":{"line":34,"column":null}}],"line":34},"1":{"loc":{"start":{"line":42,"column":2},"end":{"line":44,"column":null}},"type":"if","locations":[{"start":{"line":42,"column":2},"end":{"line":44,"column":null}},{"start":{},"end":{}}],"line":42},"2":{"loc":{"start":{"line":42,"column":6},"end":{"line":42,"column":58}},"type":"binary-expr","locations":[{"start":{"line":42,"column":6},"end":{"line":42,"column":41}},{"start":{"line":42,"column":41},"end":{"line":42,"column":58}}],"line":42}},"s":{"0":3,"1":33,"2":2445,"3":33,"4":50688,"5":33,"6":50688,"7":33,"8":50688,"9":7,"10":1,"11":1,"12":1,"13":0,"14":0},"f":{"0":33,"1":2445,"2":50688,"3":50688,"4":50688,"5":7,"6":1,"7":1,"8":0},"b":{"0":[7,6],"1":[1,0],"2":[1,0]},"meta":{"lastBranch":3,"lastFunction":9,"lastStatement":15,"seen":{"s:6:36:6:Infinity":0,"f:19:16:19:26":0,"s:20:15:20:Infinity":1,"f:20:37:20:38":1,"s:20:49:20:72":2,"s:21:17:23:Infinity":3,"f:23:9:23:10":2,"s:23:19:23:68":4,"s:26:15:26:Infinity":5,"f:26:39:26:40":3,"s:26:49:26:60":6,"s:27:2:27:Infinity":7,"f:27:20:27:21":4,"s:27:27:27:35":8,"f:33:16:33:44":5,"s:34:2:34:Infinity":9,"b:34:9:34:34:34:34:34:Infinity":0,"f:40:16:40:31":6,"b:42:2:44:Infinity:undefined:undefined:undefined:undefined":1,"s:42:2:44:Infinity":10,"b:42:6:42:41:42:41:42:58":2,"s:43:4:43:Infinity":11,"f:43:11:43:18":7,"s:43:35:43:Infinity":12,"s:47:2:53:Infinity":13,"f:47:9:47:16":8,"s:52:4:52:Infinity":14}}}
,"/Users/sunny/specwright/src/lib/ingestion/parsers/index.ts": {"path":"/Users/sunny/specwright/src/lib/ingestion/parsers/index.ts","statementMap":{"0":{"start":{"line":27,"column":2},"end":{"line":29,"column":null}},"1":{"start":{"line":28,"column":4},"end":{"line":28,"column":null}},"2":{"start":{"line":30,"column":2},"end":{"line":40,"column":null}},"3":{"start":{"line":55,"column":2},"end":{"line":55,"column":null}},"4":{"start":{"line":55,"column":24},"end":{"line":55,"column":null}},"5":{"start":{"line":56,"column":18},"end":{"line":56,"column":null}},"6":{"start":{"line":57,"column":2},"end":{"line":67,"column":null}},"7":{"start":{"line":81,"column":2},"end":{"line":81,"column":null}},"8":{"start":{"line":81,"column":22},"end":{"line":81,"column":null}},"9":{"start":{"line":82,"column":18},"end":{"line":82,"column":null}},"10":{"start":{"line":83,"column":2},"end":{"line":92,"column":null}},"11":{"start":{"line":106,"column":2},"end":{"line":106,"column":null}},"12":{"start":{"line":106,"column":25},"end":{"line":106,"column":null}},"13":{"start":{"line":107,"column":2},"end":{"line":107,"column":null}},"14":{"start":{"line":107,"column":30},"end":{"line":107,"column":null}},"15":{"start":{"line":108,"column":2},"end":{"line":118,"column":null}},"16":{"start":{"line":125,"column":27},"end":{"line":125,"column":null}},"17":{"start":{"line":128,"column":2},"end":{"line":128,"column":null}},"18":{"start":{"line":132,"column":2},"end":{"line":134,"column":null}},"19":{"start":{"line":133,"column":4},"end":{"line":133,"column":null}},"20":{"start":{"line":135,"column":2},"end":{"line":140,"column":null}},"21":{"start":{"line":136,"column":23},"end":{"line":136,"column":null}},"22":{"start":{"line":137,"column":23},"end":{"line":137,"column":null}},"23":{"start":{"line":138,"column":23},"end":{"line":138,"column":null}},"24":{"start":{"line":139,"column":23},"end":{"line":139,"column":null}}},"fnMap":{"0":{"name":"parseSlack","decl":{"start":{"line":26,"column":16},"end":{"line":26,"column":27}},"loc":{"start":{"line":26,"column":62},"end":{"line":41,"column":null}},"line":26},"1":{"name":"parseJira","decl":{"start":{"line":54,"column":16},"end":{"line":54,"column":26}},"loc":{"start":{"line":54,"column":60},"end":{"line":68,"column":null}},"line":54},"2":{"name":"parseNotion","decl":{"start":{"line":80,"column":16},"end":{"line":80,"column":28}},"loc":{"start":{"line":80,"column":64},"end":{"line":93,"column":null}},"line":80},"3":{"name":"parseTranscript","decl":{"start":{"line":105,"column":16},"end":{"line":105,"column":32}},"loc":{"start":{"line":105,"column":72},"end":{"line":119,"column":null}},"line":105},"4":{"name":"validateSourceType","decl":{"start":{"line":127,"column":16},"end":{"line":127,"column":35}},"loc":{"start":{"line":127,"column":106},"end":{"line":129,"column":null}},"line":127},"5":{"name":"parseSource","decl":{"start":{"line":131,"column":16},"end":{"line":131,"column":28}},"loc":{"start":{"line":131,"column":61},"end":{"line":141,"column":null}},"line":131}},"branchMap":{"0":{"loc":{"start":{"line":27,"column":2},"end":{"line":29,"column":null}},"type":"if","locations":[{"start":{"line":27,"column":2},"end":{"line":29,"column":null}},{"start":{},"end":{}}],"line":27},"1":{"loc":{"start":{"line":55,"column":2},"end":{"line":55,"column":null}},"type":"if","locations":[{"start":{"line":55,"column":2},"end":{"line":55,"column":null}},{"start":{},"end":{}}],"line":55},"2":{"loc":{"start":{"line":81,"column":2},"end":{"line":81,"column":null}},"type":"if","locations":[{"start":{"line":81,"column":2},"end":{"line":81,"column":null}},{"start":{},"end":{}}],"line":81},"3":{"loc":{"start":{"line":106,"column":2},"end":{"line":106,"column":null}},"type":"if","locations":[{"start":{"line":106,"column":2},"end":{"line":106,"column":null}},{"start":{},"end":{}}],"line":106},"4":{"loc":{"start":{"line":107,"column":2},"end":{"line":107,"column":null}},"type":"if","locations":[{"start":{"line":107,"column":2},"end":{"line":107,"column":null}},{"start":{},"end":{}}],"line":107},"5":{"loc":{"start":{"line":132,"column":2},"end":{"line":134,"column":null}},"type":"if","locations":[{"start":{"line":132,"column":2},"end":{"line":134,"column":null}},{"start":{},"end":{}}],"line":132},"6":{"loc":{"start":{"line":135,"column":2},"end":{"line":140,"column":null}},"type":"switch","locations":[{"start":{"line":136,"column":4},"end":{"line":136,"column":null}},{"start":{"line":137,"column":4},"end":{"line":137,"column":null}},{"start":{"line":138,"column":4},"end":{"line":138,"column":null}},{"start":{"line":139,"column":4},"end":{"line":139,"column":null}}],"line":135}},"s":{"0":13,"1":3,"2":10,"3":6,"4":1,"5":5,"6":5,"7":5,"8":1,"9":4,"10":4,"11":6,"12":1,"13":5,"14":1,"15":4,"16":2,"17":28,"18":20,"19":2,"20":18,"21":9,"22":3,"23":3,"24":3},"f":{"0":13,"1":6,"2":5,"3":6,"4":28,"5":20},"b":{"0":[3,10],"1":[1,5],"2":[1,4],"3":[1,5],"4":[1,4],"5":[2,18],"6":[18,3,3,3]},"meta":{"lastBranch":7,"lastFunction":6,"lastStatement":25,"seen":{"f:26:16:26:27":0,"b:27:2:29:Infinity:undefined:undefined:undefined:undefined":0,"s:27:2:29:Infinity":0,"s:28:4:28:Infinity":1,"s:30:2:40:Infinity":2,"f:54:16:54:26":1,"b:55:2:55:Infinity:undefined:undefined:undefined:undefined":1,"s:55:2:55:Infinity":3,"s:55:24:55:Infinity":4,"s:56:18:56:Infinity":5,"s:57:2:67:Infinity":6,"f:80:16:80:28":2,"b:81:2:81:Infinity:undefined:undefined:undefined:undefined":2,"s:81:2:81:Infinity":7,"s:81:22:81:Infinity":8,"s:82:18:82:Infinity":9,"s:83:2:92:Infinity":10,"f:105:16:105:32":3,"b:106:2:106:Infinity:undefined:undefined:undefined:undefined":3,"s:106:2:106:Infinity":11,"s:106:25:106:Infinity":12,"b:107:2:107:Infinity:undefined:undefined:undefined:undefined":4,"s:107:2:107:Infinity":13,"s:107:30:107:Infinity":14,"s:108:2:118:Infinity":15,"s:125:27:125:Infinity":16,"f:127:16:127:35":4,"s:128:2:128:Infinity":17,"f:131:16:131:28":5,"b:132:2:134:Infinity:undefined:undefined:undefined:undefined":5,"s:132:2:134:Infinity":18,"s:133:4:133:Infinity":19,"b:136:4:136:Infinity:137:4:137:Infinity:138:4:138:Infinity:139:4:139:Infinity":6,"s:135:2:140:Infinity":20,"s:136:23:136:Infinity":21,"s:137:23:137:Infinity":22,"s:138:23:138:Infinity":23,"s:139:23:139:Infinity":24}}}
,"/Users/sunny/specwright/src/lib/simulator/ambiguity.ts": {"path":"/Users/sunny/specwright/src/lib/simulator/ambiguity.ts","statementMap":{"0":{"start":{"line":13,"column":48},"end":{"line":30,"column":null}},"1":{"start":{"line":36,"column":35},"end":{"line":36,"column":null}},"2":{"start":{"line":37,"column":16},"end":{"line":37,"column":null}},"3":{"start":{"line":39,"column":2},"end":{"line":50,"column":null}},"4":{"start":{"line":40,"column":18},"end":{"line":40,"column":null}},"5":{"start":{"line":42,"column":4},"end":{"line":49,"column":null}},"6":{"start":{"line":43,"column":6},"end":{"line":48,"column":null}},"7":{"start":{"line":52,"column":2},"end":{"line":52,"column":null}},"8":{"start":{"line":59,"column":2},"end":{"line":59,"column":null}}},"fnMap":{"0":{"name":"detectAmbiguity","decl":{"start":{"line":35,"column":16},"end":{"line":35,"column":32}},"loc":{"start":{"line":35,"column":71},"end":{"line":53,"column":null}},"line":35},"1":{"name":"isAmbiguous","decl":{"start":{"line":58,"column":16},"end":{"line":58,"column":28}},"loc":{"start":{"line":58,"column":58},"end":{"line":60,"column":null}},"line":58}},"branchMap":{},"s":{"0":2,"1":14,"2":14,"3":14,"4":224,"5":224,"6":15,"7":14,"8":2},"f":{"0":14,"1":2},"b":{},"meta":{"lastBranch":0,"lastFunction":2,"lastStatement":9,"seen":{"s:13:48:30:Infinity":0,"f:35:16:35:32":0,"s:36:35:36:Infinity":1,"s:37:16:37:Infinity":2,"s:39:2:50:Infinity":3,"s:40:18:40:Infinity":4,"s:42:4:49:Infinity":5,"s:43:6:48:Infinity":6,"s:52:2:52:Infinity":7,"f:58:16:58:28":1,"s:59:2:59:Infinity":8}}}
,"/Users/sunny/specwright/src/lib/simulator/contradiction.ts": {"path":"/Users/sunny/specwright/src/lib/simulator/contradiction.ts","statementMap":{"0":{"start":{"line":21,"column":42},"end":{"line":21,"column":null}},"1":{"start":{"line":23,"column":2},"end":{"line":67,"column":null}},"2":{"start":{"line":24,"column":4},"end":{"line":66,"column":null}},"3":{"start":{"line":25,"column":22},"end":{"line":25,"column":null}},"4":{"start":{"line":26,"column":22},"end":{"line":26,"column":null}},"5":{"start":{"line":29,"column":28},"end":{"line":29,"column":null}},"6":{"start":{"line":30,"column":29},"end":{"line":31,"column":null}},"7":{"start":{"line":32,"column":6},"end":{"line":39,"column":null}},"8":{"start":{"line":33,"column":8},"end":{"line":38,"column":null}},"9":{"start":{"line":42,"column":6},"end":{"line":52,"column":null}},"10":{"start":{"line":46,"column":8},"end":{"line":51,"column":null}},"11":{"start":{"line":55,"column":6},"end":{"line":65,"column":null}},"12":{"start":{"line":56,"column":19},"end":{"line":56,"column":null}},"13":{"start":{"line":57,"column":8},"end":{"line":64,"column":null}},"14":{"start":{"line":58,"column":10},"end":{"line":63,"column":null}},"15":{"start":{"line":69,"column":2},"end":{"line":69,"column":null}},"16":{"start":{"line":79,"column":29},"end":{"line":79,"column":null}},"17":{"start":{"line":80,"column":31},"end":{"line":80,"column":null}},"18":{"start":{"line":82,"column":2},"end":{"line":90,"column":null}},"19":{"start":{"line":83,"column":21},"end":{"line":83,"column":null}},"20":{"start":{"line":83,"column":71},"end":{"line":83,"column":83}},"21":{"start":{"line":84,"column":20},"end":{"line":88,"column":null}},"22":{"start":{"line":85,"column":28},"end":{"line":85,"column":null}},"23":{"start":{"line":86,"column":22},"end":{"line":86,"column":null}},"24":{"start":{"line":86,"column":45},"end":{"line":86,"column":70}},"25":{"start":{"line":87,"column":6},"end":{"line":87,"column":null}},"26":{"start":{"line":89,"column":4},"end":{"line":89,"column":null}},"27":{"start":{"line":92,"column":2},"end":{"line":92,"column":null}}},"fnMap":{"0":{"name":"detectContradictions","decl":{"start":{"line":20,"column":16},"end":{"line":20,"column":37}},"loc":{"start":{"line":20,"column":71},"end":{"line":70,"column":null}},"line":20},"1":{"name":"validateTestability","decl":{"start":{"line":75,"column":16},"end":{"line":75,"column":null}},"loc":{"start":{"line":78,"column":48},"end":{"line":93,"column":null}},"line":78},"2":{"name":"(anonymous_2)","decl":{"start":{"line":83,"column":64},"end":{"line":83,"column":65}},"loc":{"start":{"line":83,"column":71},"end":{"line":83,"column":83}},"line":83},"3":{"name":"(anonymous_3)","decl":{"start":{"line":84,"column":42},"end":{"line":84,"column":43}},"loc":{"start":{"line":84,"column":56},"end":{"line":88,"column":5}},"line":84},"4":{"name":"(anonymous_4)","decl":{"start":{"line":86,"column":38},"end":{"line":86,"column":39}},"loc":{"start":{"line":86,"column":45},"end":{"line":86,"column":70}},"line":86}},"branchMap":{"0":{"loc":{"start":{"line":29,"column":28},"end":{"line":29,"column":null}},"type":"binary-expr","locations":[{"start":{"line":29,"column":28},"end":{"line":29,"column":61}},{"start":{"line":29,"column":61},"end":{"line":29,"column":93}},{"start":{"line":29,"column":93},"end":{"line":29,"column":null}}],"line":29},"1":{"loc":{"start":{"line":30,"column":29},"end":{"line":31,"column":null}},"type":"binary-expr","locations":[{"start":{"line":30,"column":29},"end":{"line":30,"column":62}},{"start":{"line":30,"column":62},"end":{"line":30,"column":null}},{"start":{"line":31,"column":8},"end":{"line":31,"column":42}},{"start":{"line":31,"column":42},"end":{"line":31,"column":76}},{"start":{"line":31,"column":76},"end":{"line":31,"column":null}}],"line":30},"2":{"loc":{"start":{"line":32,"column":6},"end":{"line":39,"column":null}},"type":"if","locations":[{"start":{"line":32,"column":6},"end":{"line":39,"column":null}},{"start":{},"end":{}}],"line":32},"3":{"loc":{"start":{"line":32,"column":10},"end":{"line":32,"column":43}},"type":"binary-expr","locations":[{"start":{"line":32,"column":10},"end":{"line":32,"column":27}},{"start":{"line":32,"column":27},"end":{"line":32,"column":43}}],"line":32},"4":{"loc":{"start":{"line":42,"column":6},"end":{"line":52,"column":null}},"type":"if","locations":[{"start":{"line":42,"column":6},"end":{"line":52,"column":null}},{"start":{},"end":{}}],"line":42},"5":{"loc":{"start":{"line":43,"column":8},"end":{"line":44,"column":null}},"type":"binary-expr","locations":[{"start":{"line":43,"column":8},"end":{"line":43,"column":null}},{"start":{"line":44,"column":9},"end":{"line":44,"column":36}},{"start":{"line":44,"column":36},"end":{"line":44,"column":67}},{"start":{"line":44,"column":67},"end":{"line":44,"column":null}}],"line":43},"6":{"loc":{"start":{"line":55,"column":6},"end":{"line":65,"column":null}},"type":"if","locations":[{"start":{"line":55,"column":6},"end":{"line":65,"column":null}},{"start":{},"end":{}}],"line":55},"7":{"loc":{"start":{"line":55,"column":10},"end":{"line":55,"column":74}},"type":"binary-expr","locations":[{"start":{"line":55,"column":10},"end":{"line":55,"column":41}},{"start":{"line":55,"column":41},"end":{"line":55,"column":74}}],"line":55},"8":{"loc":{"start":{"line":56,"column":19},"end":{"line":56,"column":79}},"type":"binary-expr","locations":[{"start":{"line":56,"column":19},"end":{"line":56,"column":74}},{"start":{"line":56,"column":74},"end":{"line":56,"column":79}}],"line":56},"9":{"loc":{"start":{"line":56,"column":29},"end":{"line":56,"column":68}},"type":"binary-expr","locations":[{"start":{"line":56,"column":29},"end":{"line":56,"column":64}},{"start":{"line":56,"column":64},"end":{"line":56,"column":68}}],"line":56},"10":{"loc":{"start":{"line":57,"column":8},"end":{"line":64,"column":null}},"type":"if","locations":[{"start":{"line":57,"column":8},"end":{"line":64,"column":null}},{"start":{},"end":{}}],"line":57},"11":{"loc":{"start":{"line":89,"column":5},"end":{"line":89,"column":38}},"type":"cond-expr","locations":[{"start":{"line":89,"column":15},"end":{"line":89,"column":26}},{"start":{"line":89,"column":26},"end":{"line":89,"column":38}}],"line":89}},"s":{"0":10,"1":10,"2":12,"3":11,"4":11,"5":11,"6":11,"7":11,"8":1,"9":11,"10":2,"11":11,"12":0,"13":0,"14":0,"15":10,"16":5,"17":5,"18":5,"19":6,"20":39,"21":6,"22":4,"23":4,"24":13,"25":4,"26":6,"27":5},"f":{"0":10,"1":5,"2":39,"3":4,"4":13},"b":{"0":[11,10,10],"1":[11,11,11,11,10],"2":[1,10],"3":[11,1],"4":[2,9],"5":[11,2,0,0],"6":[0,11],"7":[11,0],"8":[0,0],"9":[0,0],"10":[0,0],"11":[2,4]},"meta":{"lastBranch":12,"lastFunction":5,"lastStatement":28,"seen":{"f:20:16:20:37":0,"s:21:42:21:Infinity":0,"s:23:2:67:Infinity":1,"s:24:4:66:Infinity":2,"s:25:22:25:Infinity":3,"s:26:22:26:Infinity":4,"s:29:28:29:Infinity":5,"b:29:28:29:61:29:61:29:93:29:93:29:Infinity":0,"s:30:29:31:Infinity":6,"b:30:29:30:62:30:62:30:Infinity:31:8:31:42:31:42:31:76:31:76:31:Infinity":1,"b:32:6:39:Infinity:undefined:undefined:undefined:undefined":2,"s:32:6:39:Infinity":7,"b:32:10:32:27:32:27:32:43":3,"s:33:8:38:Infinity":8,"b:42:6:52:Infinity:undefined:undefined:undefined:undefined":4,"s:42:6:52:Infinity":9,"b:43:8:43:Infinity:44:9:44:36:44:36:44:67:44:67:44:Infinity":5,"s:46:8:51:Infinity":10,"b:55:6:65:Infinity:undefined:undefined:undefined:undefined":6,"s:55:6:65:Infinity":11,"b:55:10:55:41:55:41:55:74":7,"s:56:19:56:Infinity":12,"b:56:19:56:74:56:74:56:79":8,"b:56:29:56:64:56:64:56:68":9,"b:57:8:64:Infinity:undefined:undefined:undefined:undefined":10,"s:57:8:64:Infinity":13,"s:58:10:63:Infinity":14,"s:69:2:69:Infinity":15,"f:75:16:75:Infinity":1,"s:79:29:79:Infinity":16,"s:80:31:80:Infinity":17,"s:82:2:90:Infinity":18,"s:83:21:83:Infinity":19,"f:83:64:83:65":2,"s:83:71:83:83":20,"s:84:20:88:Infinity":21,"f:84:42:84:43":3,"s:85:28:85:Infinity":22,"s:86:22:86:Infinity":23,"f:86:38:86:39":4,"s:86:45:86:70":24,"s:87:6:87:Infinity":25,"s:89:4:89:Infinity":26,"b:89:15:89:26:89:26:89:38":11,"s:92:2:92:Infinity":27}}}
,"/Users/sunny/specwright/src/lib/simulator/coverage.ts": {"path":"/Users/sunny/specwright/src/lib/simulator/coverage.ts","statementMap":{"0":{"start":{"line":34,"column":2},"end":{"line":49,"column":null}},"1":{"start":{"line":35,"column":4},"end":{"line":48,"column":null}},"2":{"start":{"line":51,"column":12},"end":{"line":51,"column":null}},"3":{"start":{"line":52,"column":19},"end":{"line":52,"column":null}},"4":{"start":{"line":52,"column":46},"end":{"line":52,"column":67}},"5":{"start":{"line":54,"column":17},"end":{"line":54,"column":null}},"6":{"start":{"line":54,"column":44},"end":{"line":54,"column":69}},"7":{"start":{"line":55,"column":23},"end":{"line":55,"column":null}},"8":{"start":{"line":55,"column":50},"end":{"line":55,"column":71}},"9":{"start":{"line":56,"column":22},"end":{"line":56,"column":null}},"10":{"start":{"line":56,"column":49},"end":{"line":56,"column":67}},"11":{"start":{"line":57,"column":22},"end":{"line":57,"column":null}},"12":{"start":{"line":57,"column":45},"end":{"line":57,"column":92}},"13":{"start":{"line":59,"column":21},"end":{"line":59,"column":null}},"14":{"start":{"line":60,"column":27},"end":{"line":60,"column":null}},"15":{"start":{"line":61,"column":26},"end":{"line":61,"column":null}},"16":{"start":{"line":62,"column":23},"end":{"line":62,"column":null}},"17":{"start":{"line":65,"column":16},"end":{"line":67,"column":null}},"18":{"start":{"line":69,"column":2},"end":{"line":82,"column":null}},"19":{"start":{"line":78,"column":57},"end":{"line":78,"column":83}},"20":{"start":{"line":78,"column":96},"end":{"line":78,"column":100}},"21":{"start":{"line":79,"column":53},"end":{"line":79,"column":75}},"22":{"start":{"line":79,"column":88},"end":{"line":79,"column":92}},"23":{"start":{"line":80,"column":50},"end":{"line":80,"column":69}},"24":{"start":{"line":80,"column":82},"end":{"line":80,"column":86}},"25":{"start":{"line":90,"column":28},"end":{"line":90,"column":null}},"26":{"start":{"line":91,"column":2},"end":{"line":99,"column":null}},"27":{"start":{"line":92,"column":17},"end":{"line":92,"column":null}},"28":{"start":{"line":94,"column":24},"end":{"line":94,"column":null}},"29":{"start":{"line":95,"column":29},"end":{"line":95,"column":null}},"30":{"start":{"line":96,"column":4},"end":{"line":98,"column":null}},"31":{"start":{"line":97,"column":6},"end":{"line":97,"column":null}},"32":{"start":{"line":100,"column":2},"end":{"line":100,"column":null}}},"fnMap":{"0":{"name":"calculateCoverageScore","decl":{"start":{"line":33,"column":16},"end":{"line":33,"column":39}},"loc":{"start":{"line":33,"column":84},"end":{"line":83,"column":null}},"line":33},"1":{"name":"(anonymous_1)","decl":{"start":{"line":52,"column":39},"end":{"line":52,"column":40}},"loc":{"start":{"line":52,"column":46},"end":{"line":52,"column":67}},"line":52},"2":{"name":"(anonymous_2)","decl":{"start":{"line":54,"column":37},"end":{"line":54,"column":38}},"loc":{"start":{"line":54,"column":44},"end":{"line":54,"column":69}},"line":54},"3":{"name":"(anonymous_3)","decl":{"start":{"line":55,"column":43},"end":{"line":55,"column":44}},"loc":{"start":{"line":55,"column":50},"end":{"line":55,"column":71}},"line":55},"4":{"name":"(anonymous_4)","decl":{"start":{"line":56,"column":42},"end":{"line":56,"column":43}},"loc":{"start":{"line":56,"column":49},"end":{"line":56,"column":67}},"line":56},"5":{"name":"(anonymous_5)","decl":{"start":{"line":57,"column":38},"end":{"line":57,"column":39}},"loc":{"start":{"line":57,"column":45},"end":{"line":57,"column":92}},"line":57},"6":{"name":"(anonymous_6)","decl":{"start":{"line":78,"column":50},"end":{"line":78,"column":51}},"loc":{"start":{"line":78,"column":57},"end":{"line":78,"column":83}},"line":78},"7":{"name":"(anonymous_7)","decl":{"start":{"line":78,"column":89},"end":{"line":78,"column":90}},"loc":{"start":{"line":78,"column":96},"end":{"line":78,"column":100}},"line":78},"8":{"name":"(anonymous_8)","decl":{"start":{"line":79,"column":46},"end":{"line":79,"column":47}},"loc":{"start":{"line":79,"column":53},"end":{"line":79,"column":75}},"line":79},"9":{"name":"(anonymous_9)","decl":{"start":{"line":79,"column":81},"end":{"line":79,"column":82}},"loc":{"start":{"line":79,"column":88},"end":{"line":79,"column":92}},"line":79},"10":{"name":"(anonymous_10)","decl":{"start":{"line":80,"column":43},"end":{"line":80,"column":44}},"loc":{"start":{"line":80,"column":50},"end":{"line":80,"column":69}},"line":80},"11":{"name":"(anonymous_11)","decl":{"start":{"line":80,"column":75},"end":{"line":80,"column":76}},"loc":{"start":{"line":80,"column":82},"end":{"line":80,"column":86}},"line":80},"12":{"name":"detectMissingErrorPaths","decl":{"start":{"line":89,"column":16},"end":{"line":89,"column":40}},"loc":{"start":{"line":89,"column":79},"end":{"line":101,"column":null}},"line":89}},"branchMap":{"0":{"loc":{"start":{"line":34,"column":2},"end":{"line":49,"column":null}},"type":"if","locations":[{"start":{"line":34,"column":2},"end":{"line":49,"column":null}},{"start":{},"end":{}}],"line":34},"1":{"loc":{"start":{"line":57,"column":45},"end":{"line":57,"column":92}},"type":"binary-expr","locations":[{"start":{"line":57,"column":45},"end":{"line":57,"column":74}},{"start":{"line":57,"column":74},"end":{"line":57,"column":92}}],"line":57},"2":{"loc":{"start":{"line":62,"column":23},"end":{"line":62,"column":null}},"type":"cond-expr","locations":[{"start":{"line":62,"column":45},"end":{"line":62,"column":84}},{"start":{"line":62,"column":84},"end":{"line":62,"column":null}}],"line":62},"3":{"loc":{"start":{"line":96,"column":4},"end":{"line":98,"column":null}},"type":"if","locations":[{"start":{"line":96,"column":4},"end":{"line":98,"column":null}},{"start":{},"end":{}}],"line":96},"4":{"loc":{"start":{"line":96,"column":8},"end":{"line":96,"column":42}},"type":"binary-expr","locations":[{"start":{"line":96,"column":8},"end":{"line":96,"column":23}},{"start":{"line":96,"column":23},"end":{"line":96,"column":42}}],"line":96}},"s":{"0":17,"1":1,"2":16,"3":16,"4":22,"5":16,"6":22,"7":16,"8":22,"9":16,"10":22,"11":16,"12":18,"13":16,"14":16,"15":16,"16":16,"17":17,"18":17,"19":22,"20":5,"21":22,"22":3,"23":22,"24":5,"25":4,"26":4,"27":5,"28":5,"29":5,"30":5,"31":2,"32":4},"f":{"0":17,"1":22,"2":22,"3":22,"4":22,"5":18,"6":22,"7":5,"8":22,"9":3,"10":22,"11":5,"12":4},"b":{"0":[1,16],"1":[18,16],"2":[15,1],"3":[2,3],"4":[5,4]},"meta":{"lastBranch":5,"lastFunction":13,"lastStatement":33,"seen":{"f:33:16:33:39":0,"b:34:2:49:Infinity:undefined:undefined:undefined:undefined":0,"s:34:2:49:Infinity":0,"s:35:4:48:Infinity":1,"s:51:12:51:Infinity":2,"s:52:19:52:Infinity":3,"f:52:39:52:40":1,"s:52:46:52:67":4,"s:54:17:54:Infinity":5,"f:54:37:54:38":2,"s:54:44:54:69":6,"s:55:23:55:Infinity":7,"f:55:43:55:44":3,"s:55:50:55:71":8,"s:56:22:56:Infinity":9,"f:56:42:56:43":4,"s:56:49:56:67":10,"s:57:22:57:Infinity":11,"f:57:38:57:39":5,"s:57:45:57:92":12,"b:57:45:57:74:57:74:57:92":1,"s:59:21:59:Infinity":13,"s:60:27:60:Infinity":14,"s:61:26:61:Infinity":15,"s:62:23:62:Infinity":16,"b:62:45:62:84:62:84:62:Infinity":2,"s:65:16:67:Infinity":17,"s:69:2:82:Infinity":18,"f:78:50:78:51":6,"s:78:57:78:83":19,"f:78:89:78:90":7,"s:78:96:78:100":20,"f:79:46:79:47":8,"s:79:53:79:75":21,"f:79:81:79:82":9,"s:79:88:79:92":22,"f:80:43:80:44":10,"s:80:50:80:69":23,"f:80:75:80:76":11,"s:80:82:80:86":24,"f:89:16:89:40":12,"s:90:28:90:Infinity":25,"s:91:2:99:Infinity":26,"s:92:17:92:Infinity":27,"s:94:24:94:Infinity":28,"s:95:29:95:Infinity":29,"b:96:4:98:Infinity:undefined:undefined:undefined:undefined":3,"s:96:4:98:Infinity":30,"b:96:8:96:23:96:23:96:42":4,"s:97:6:97:Infinity":31,"s:100:2:100:Infinity":32}}}
,"/Users/sunny/specwright/src/lib/spec-compiler/compiler.ts": {"path":"/Users/sunny/specwright/src/lib/spec-compiler/compiler.ts","statementMap":{"0":{"start":{"line":56,"column":18},"end":{"line":61,"column":null}},"1":{"start":{"line":62,"column":2},"end":{"line":62,"column":null}},"2":{"start":{"line":74,"column":27},"end":{"line":74,"column":null}},"3":{"start":{"line":77,"column":56},"end":{"line":77,"column":null}},"4":{"start":{"line":78,"column":2},"end":{"line":78,"column":null}},"5":{"start":{"line":78,"column":16},"end":{"line":78,"column":null}},"6":{"start":{"line":79,"column":2},"end":{"line":79,"column":null}},"7":{"start":{"line":79,"column":21},"end":{"line":79,"column":null}},"8":{"start":{"line":80,"column":2},"end":{"line":80,"column":null}},"9":{"start":{"line":80,"column":20},"end":{"line":80,"column":null}},"10":{"start":{"line":81,"column":2},"end":{"line":81,"column":null}},"11":{"start":{"line":81,"column":14},"end":{"line":81,"column":null}},"12":{"start":{"line":83,"column":2},"end":{"line":100,"column":null}},"13":{"start":{"line":84,"column":4},"end":{"line":84,"column":null}},"14":{"start":{"line":87,"column":4},"end":{"line":99,"column":null}},"15":{"start":{"line":88,"column":6},"end":{"line":90,"column":null}},"16":{"start":{"line":89,"column":8},"end":{"line":89,"column":null}},"17":{"start":{"line":91,"column":6},"end":{"line":91,"column":null}},"18":{"start":{"line":91,"column":19},"end":{"line":91,"column":null}},"19":{"start":{"line":92,"column":6},"end":{"line":92,"column":null}},"20":{"start":{"line":92,"column":21},"end":{"line":92,"column":null}},"21":{"start":{"line":93,"column":6},"end":{"line":95,"column":null}},"22":{"start":{"line":94,"column":8},"end":{"line":94,"column":null}},"23":{"start":{"line":96,"column":6},"end":{"line":98,"column":null}},"24":{"start":{"line":97,"column":8},"end":{"line":97,"column":null}},"25":{"start":{"line":103,"column":2},"end":{"line":108,"column":null}},"26":{"start":{"line":104,"column":21},"end":{"line":104,"column":null}},"27":{"start":{"line":105,"column":4},"end":{"line":107,"column":null}},"28":{"start":{"line":106,"column":6},"end":{"line":106,"column":null}},"29":{"start":{"line":110,"column":2},"end":{"line":110,"column":null}},"30":{"start":{"line":125,"column":18},"end":{"line":125,"column":null}},"31":{"start":{"line":126,"column":13},"end":{"line":126,"column":null}},"32":{"start":{"line":128,"column":50},"end":{"line":133,"column":null}},"33":{"start":{"line":135,"column":15},"end":{"line":135,"column":null}},"34":{"start":{"line":137,"column":2},"end":{"line":137,"column":null}},"35":{"start":{"line":141,"column":16},"end":{"line":141,"column":null}},"36":{"start":{"line":142,"column":2},"end":{"line":142,"column":null}},"37":{"start":{"line":143,"column":2},"end":{"line":143,"column":null}}},"fnMap":{"0":{"name":"computeSpecHash","decl":{"start":{"line":55,"column":16},"end":{"line":55,"column":32}},"loc":{"start":{"line":55,"column":74},"end":{"line":63,"column":null}},"line":55},"1":{"name":"validateSpecStructure","decl":{"start":{"line":73,"column":16},"end":{"line":73,"column":38}},"loc":{"start":{"line":73,"column":76},"end":{"line":111,"column":null}},"line":73},"2":{"name":"compileSpec","decl":{"start":{"line":116,"column":16},"end":{"line":116,"column":null}},"loc":{"start":{"line":123,"column":16},"end":{"line":138,"column":null}},"line":123},"3":{"name":"bumpVersion","decl":{"start":{"line":140,"column":9},"end":{"line":140,"column":21}},"loc":{"start":{"line":140,"column":46},"end":{"line":144,"column":null}},"line":140}},"branchMap":{"0":{"loc":{"start":{"line":77,"column":56},"end":{"line":77,"column":null}},"type":"binary-expr","locations":[{"start":{"line":77,"column":56},"end":{"line":77,"column":71}},{"start":{"line":77,"column":71},"end":{"line":77,"column":null}}],"line":77},"1":{"loc":{"start":{"line":78,"column":2},"end":{"line":78,"column":null}},"type":"if","locations":[{"start":{"line":78,"column":2},"end":{"line":78,"column":null}},{"start":{},"end":{}}],"line":78},"2":{"loc":{"start":{"line":79,"column":2},"end":{"line":79,"column":null}},"type":"if","locations":[{"start":{"line":79,"column":2},"end":{"line":79,"column":null}},{"start":{},"end":{}}],"line":79},"3":{"loc":{"start":{"line":80,"column":2},"end":{"line":80,"column":null}},"type":"if","locations":[{"start":{"line":80,"column":2},"end":{"line":80,"column":null}},{"start":{},"end":{}}],"line":80},"4":{"loc":{"start":{"line":81,"column":2},"end":{"line":81,"column":null}},"type":"if","locations":[{"start":{"line":81,"column":2},"end":{"line":81,"column":null}},{"start":{},"end":{}}],"line":81},"5":{"loc":{"start":{"line":83,"column":2},"end":{"line":100,"column":null}},"type":"if","locations":[{"start":{"line":83,"column":2},"end":{"line":100,"column":null}},{"start":{"line":85,"column":9},"end":{"line":100,"column":null}}],"line":83},"6":{"loc":{"start":{"line":83,"column":6},"end":{"line":83,"column":65}},"type":"binary-expr","locations":[{"start":{"line":83,"column":6},"end":{"line":83,"column":38}},{"start":{"line":83,"column":38},"end":{"line":83,"column":65}}],"line":83},"7":{"loc":{"start":{"line":88,"column":6},"end":{"line":90,"column":null}},"type":"if","locations":[{"start":{"line":88,"column":6},"end":{"line":90,"column":null}},{"start":{},"end":{}}],"line":88},"8":{"loc":{"start":{"line":91,"column":6},"end":{"line":91,"column":null}},"type":"if","locations":[{"start":{"line":91,"column":6},"end":{"line":91,"column":null}},{"start":{},"end":{}}],"line":91},"9":{"loc":{"start":{"line":92,"column":6},"end":{"line":92,"column":null}},"type":"if","locations":[{"start":{"line":92,"column":6},"end":{"line":92,"column":null}},{"start":{},"end":{}}],"line":92},"10":{"loc":{"start":{"line":93,"column":6},"end":{"line":95,"column":null}},"type":"if","locations":[{"start":{"line":93,"column":6},"end":{"line":95,"column":null}},{"start":{},"end":{}}],"line":93},"11":{"loc":{"start":{"line":96,"column":6},"end":{"line":98,"column":null}},"type":"if","locations":[{"start":{"line":96,"column":6},"end":{"line":98,"column":null}},{"start":{},"end":{}}],"line":96},"12":{"loc":{"start":{"line":96,"column":10},"end":{"line":96,"column":91}},"type":"binary-expr","locations":[{"start":{"line":96,"column":10},"end":{"line":96,"column":53}},{"start":{"line":96,"column":53},"end":{"line":96,"column":91}}],"line":96},"13":{"loc":{"start":{"line":103,"column":2},"end":{"line":108,"column":null}},"type":"if","locations":[{"start":{"line":103,"column":2},"end":{"line":108,"column":null}},{"start":{},"end":{}}],"line":103},"14":{"loc":{"start":{"line":105,"column":4},"end":{"line":107,"column":null}},"type":"if","locations":[{"start":{"line":105,"column":4},"end":{"line":107,"column":null}},{"start":{},"end":{}}],"line":105},"15":{"loc":{"start":{"line":125,"column":18},"end":{"line":125,"column":null}},"type":"cond-expr","locations":[{"start":{"line":125,"column":36},"end":{"line":125,"column":67}},{"start":{"line":125,"column":67},"end":{"line":125,"column":null}}],"line":125},"16":{"loc":{"start":{"line":142,"column":14},"end":{"line":142,"column":31}},"type":"binary-expr","locations":[{"start":{"line":142,"column":14},"end":{"line":142,"column":26}},{"start":{"line":142,"column":26},"end":{"line":142,"column":31}}],"line":142}},"s":{"0":45,"1":45,"2":7,"3":7,"4":7,"5":0,"6":7,"7":0,"8":7,"9":1,"10":7,"11":0,"12":7,"13":1,"14":6,"15":6,"16":2,"17":6,"18":0,"19":6,"20":0,"21":6,"22":0,"23":6,"24":0,"25":7,"26":7,"27":7,"28":5,"29":7,"30":34,"31":34,"32":34,"33":34,"34":34,"35":6,"36":6,"37":6},"f":{"0":45,"1":7,"2":34,"3":6},"b":{"0":[7,0],"1":[0,7],"2":[0,7],"3":[1,6],"4":[0,7],"5":[1,6],"6":[7,7],"7":[2,4],"8":[0,6],"9":[0,6],"10":[0,6],"11":[0,6],"12":[6,6],"13":[7,0],"14":[5,2],"15":[6,28],"16":[6,0]},"meta":{"lastBranch":17,"lastFunction":4,"lastStatement":38,"seen":{"f:55:16:55:32":0,"s:56:18:61:Infinity":0,"s:62:2:62:Infinity":1,"f:73:16:73:38":1,"s:74:27:74:Infinity":2,"s:77:56:77:Infinity":3,"b:77:56:77:71:77:71:77:Infinity":0,"b:78:2:78:Infinity:undefined:undefined:undefined:undefined":1,"s:78:2:78:Infinity":4,"s:78:16:78:Infinity":5,"b:79:2:79:Infinity:undefined:undefined:undefined:undefined":2,"s:79:2:79:Infinity":6,"s:79:21:79:Infinity":7,"b:80:2:80:Infinity:undefined:undefined:undefined:undefined":3,"s:80:2:80:Infinity":8,"s:80:20:80:Infinity":9,"b:81:2:81:Infinity:undefined:undefined:undefined:undefined":4,"s:81:2:81:Infinity":10,"s:81:14:81:Infinity":11,"b:83:2:100:Infinity:85:9:100:Infinity":5,"s:83:2:100:Infinity":12,"b:83:6:83:38:83:38:83:65":6,"s:84:4:84:Infinity":13,"s:87:4:99:Infinity":14,"b:88:6:90:Infinity:undefined:undefined:undefined:undefined":7,"s:88:6:90:Infinity":15,"s:89:8:89:Infinity":16,"b:91:6:91:Infinity:undefined:undefined:undefined:undefined":8,"s:91:6:91:Infinity":17,"s:91:19:91:Infinity":18,"b:92:6:92:Infinity:undefined:undefined:undefined:undefined":9,"s:92:6:92:Infinity":19,"s:92:21:92:Infinity":20,"b:93:6:95:Infinity:undefined:undefined:undefined:undefined":10,"s:93:6:95:Infinity":21,"s:94:8:94:Infinity":22,"b:96:6:98:Infinity:undefined:undefined:undefined:undefined":11,"s:96:6:98:Infinity":23,"b:96:10:96:53:96:53:96:91":12,"s:97:8:97:Infinity":24,"b:103:2:108:Infinity:undefined:undefined:undefined:undefined":13,"s:103:2:108:Infinity":25,"s:104:21:104:Infinity":26,"b:105:4:107:Infinity:undefined:undefined:undefined:undefined":14,"s:105:4:107:Infinity":27,"s:106:6:106:Infinity":28,"s:110:2:110:Infinity":29,"f:116:16:116:Infinity":2,"s:125:18:125:Infinity":30,"b:125:36:125:67:125:67:125:Infinity":15,"s:126:13:126:Infinity":31,"s:128:50:133:Infinity":32,"s:135:15:135:Infinity":33,"s:137:2:137:Infinity":34,"f:140:9:140:21":3,"s:141:16:141:Infinity":35,"s:142:2:142:Infinity":36,"b:142:14:142:26:142:26:142:31":16,"s:143:2:143:Infinity":37}}}
,"/Users/sunny/specwright/src/lib/spec-compiler/gherkin.ts": {"path":"/Users/sunny/specwright/src/lib/spec-compiler/gherkin.ts","statementMap":{"0":{"start":{"line":11,"column":25},"end":{"line":20,"column":null}},"1":{"start":{"line":26,"column":27},"end":{"line":26,"column":null}},"2":{"start":{"line":27,"column":16},"end":{"line":27,"column":null}},"3":{"start":{"line":27,"column":44},"end":{"line":27,"column":55}},"4":{"start":{"line":28,"column":22},"end":{"line":28,"column":null}},"5":{"start":{"line":29,"column":19},"end":{"line":29,"column":null}},"6":{"start":{"line":30,"column":31},"end":{"line":30,"column":null}},"7":{"start":{"line":31,"column":31},"end":{"line":31,"column":null}},"8":{"start":{"line":33,"column":2},"end":{"line":53,"column":null}},"9":{"start":{"line":33,"column":15},"end":{"line":33,"column":18}},"10":{"start":{"line":34,"column":17},"end":{"line":34,"column":null}},"11":{"start":{"line":35,"column":4},"end":{"line":35,"column":null}},"12":{"start":{"line":35,"column":22},"end":{"line":35,"column":null}},"13":{"start":{"line":37,"column":4},"end":{"line":52,"column":null}},"14":{"start":{"line":38,"column":6},"end":{"line":38,"column":null}},"15":{"start":{"line":39,"column":4},"end":{"line":52,"column":null}},"16":{"start":{"line":40,"column":6},"end":{"line":44,"column":null}},"17":{"start":{"line":42,"column":8},"end":{"line":42,"column":null}},"18":{"start":{"line":42,"column":37},"end":{"line":42,"column":null}},"19":{"start":{"line":43,"column":8},"end":{"line":43,"column":null}},"20":{"start":{"line":43,"column":37},"end":{"line":43,"column":null}},"21":{"start":{"line":45,"column":6},"end":{"line":45,"column":null}},"22":{"start":{"line":46,"column":6},"end":{"line":46,"column":null}},"23":{"start":{"line":47,"column":6},"end":{"line":47,"column":null}},"24":{"start":{"line":48,"column":4},"end":{"line":52,"column":null}},"25":{"start":{"line":49,"column":6},"end":{"line":49,"column":null}},"26":{"start":{"line":50,"column":4},"end":{"line":52,"column":null}},"27":{"start":{"line":51,"column":6},"end":{"line":51,"column":null}},"28":{"start":{"line":56,"column":2},"end":{"line":59,"column":null}},"29":{"start":{"line":57,"column":4},"end":{"line":57,"column":null}},"30":{"start":{"line":57,"column":33},"end":{"line":57,"column":null}},"31":{"start":{"line":58,"column":4},"end":{"line":58,"column":null}},"32":{"start":{"line":58,"column":33},"end":{"line":58,"column":null}},"33":{"start":{"line":61,"column":2},"end":{"line":63,"column":null}},"34":{"start":{"line":62,"column":4},"end":{"line":62,"column":null}},"35":{"start":{"line":65,"column":2},"end":{"line":67,"column":null}},"36":{"start":{"line":66,"column":4},"end":{"line":66,"column":null}},"37":{"start":{"line":69,"column":2},"end":{"line":73,"column":null}}},"fnMap":{"0":{"name":"validateGherkin","decl":{"start":{"line":25,"column":16},"end":{"line":25,"column":32}},"loc":{"start":{"line":25,"column":71},"end":{"line":74,"column":null}},"line":25},"1":{"name":"(anonymous_1)","decl":{"start":{"line":27,"column":37},"end":{"line":27,"column":38}},"loc":{"start":{"line":27,"column":44},"end":{"line":27,"column":55}},"line":27}},"branchMap":{"0":{"loc":{"start":{"line":35,"column":4},"end":{"line":35,"column":null}},"type":"if","locations":[{"start":{"line":35,"column":4},"end":{"line":35,"column":null}},{"start":{},"end":{}}],"line":35},"1":{"loc":{"start":{"line":37,"column":4},"end":{"line":52,"column":null}},"type":"if","locations":[{"start":{"line":37,"column":4},"end":{"line":52,"column":null}},{"start":{"line":39,"column":4},"end":{"line":52,"column":null}}],"line":37},"2":{"loc":{"start":{"line":39,"column":4},"end":{"line":52,"column":null}},"type":"if","locations":[{"start":{"line":39,"column":4},"end":{"line":52,"column":null}},{"start":{"line":48,"column":4},"end":{"line":52,"column":null}}],"line":39},"3":{"loc":{"start":{"line":39,"column":15},"end":{"line":39,"column":114}},"type":"binary-expr","locations":[{"start":{"line":39,"column":15},"end":{"line":39,"column":62}},{"start":{"line":39,"column":62},"end":{"line":39,"column":114}}],"line":39},"4":{"loc":{"start":{"line":40,"column":6},"end":{"line":44,"column":null}},"type":"if","locations":[{"start":{"line":40,"column":6},"end":{"line":44,"column":null}},{"start":{},"end":{}}],"line":40},"5":{"loc":{"start":{"line":42,"column":8},"end":{"line":42,"column":null}},"type":"if","locations":[{"start":{"line":42,"column":8},"end":{"line":42,"column":null}},{"start":{},"end":{}}],"line":42},"6":{"loc":{"start":{"line":43,"column":8},"end":{"line":43,"column":null}},"type":"if","locations":[{"start":{"line":43,"column":8},"end":{"line":43,"column":null}},{"start":{},"end":{}}],"line":43},"7":{"loc":{"start":{"line":48,"column":4},"end":{"line":52,"column":null}},"type":"if","locations":[{"start":{"line":48,"column":4},"end":{"line":52,"column":null}},{"start":{"line":50,"column":4},"end":{"line":52,"column":null}}],"line":48},"8":{"loc":{"start":{"line":50,"column":4},"end":{"line":52,"column":null}},"type":"if","locations":[{"start":{"line":50,"column":4},"end":{"line":52,"column":null}},{"start":{},"end":{}}],"line":50},"9":{"loc":{"start":{"line":56,"column":2},"end":{"line":59,"column":null}},"type":"if","locations":[{"start":{"line":56,"column":2},"end":{"line":59,"column":null}},{"start":{},"end":{}}],"line":56},"10":{"loc":{"start":{"line":57,"column":4},"end":{"line":57,"column":null}},"type":"if","locations":[{"start":{"line":57,"column":4},"end":{"line":57,"column":null}},{"start":{},"end":{}}],"line":57},"11":{"loc":{"start":{"line":58,"column":4},"end":{"line":58,"column":null}},"type":"if","locations":[{"start":{"line":58,"column":4},"end":{"line":58,"column":null}},{"start":{},"end":{}}],"line":58},"12":{"loc":{"start":{"line":61,"column":2},"end":{"line":63,"column":null}},"type":"if","locations":[{"start":{"line":61,"column":2},"end":{"line":63,"column":null}},{"start":{},"end":{}}],"line":61},"13":{"loc":{"start":{"line":65,"column":2},"end":{"line":67,"column":null}},"type":"if","locations":[{"start":{"line":65,"column":2},"end":{"line":67,"column":null}},{"start":{},"end":{}}],"line":65}},"s":{"0":1,"1":8,"2":8,"3":33,"4":8,"5":8,"6":8,"7":8,"8":8,"9":8,"10":33,"11":33,"12":1,"13":32,"14":5,"15":27,"16":5,"17":0,"18":0,"19":0,"20":0,"21":5,"22":5,"23":5,"24":22,"25":7,"26":15,"27":4,"28":8,"29":5,"30":1,"31":5,"32":1,"33":8,"34":3,"35":8,"36":3,"37":8},"f":{"0":8,"1":33},"b":{"0":[1,32],"1":[5,27],"2":[5,22],"3":[27,22],"4":[0,5],"5":[0,0],"6":[0,0],"7":[7,15],"8":[4,11],"9":[5,3],"10":[1,4],"11":[1,4],"12":[3,5],"13":[3,5]},"meta":{"lastBranch":14,"lastFunction":2,"lastStatement":38,"seen":{"s:11:25:20:Infinity":0,"f:25:16:25:32":0,"s:26:27:26:Infinity":1,"s:27:16:27:Infinity":2,"f:27:37:27:38":1,"s:27:44:27:55":3,"s:28:22:28:Infinity":4,"s:29:19:29:Infinity":5,"s:30:31:30:Infinity":6,"s:31:31:31:Infinity":7,"s:33:2:53:Infinity":8,"s:33:15:33:18":9,"s:34:17:34:Infinity":10,"b:35:4:35:Infinity:undefined:undefined:undefined:undefined":0,"s:35:4:35:Infinity":11,"s:35:22:35:Infinity":12,"b:37:4:52:Infinity:39:4:52:Infinity":1,"s:37:4:52:Infinity":13,"s:38:6:38:Infinity":14,"b:39:4:52:Infinity:48:4:52:Infinity":2,"s:39:4:52:Infinity":15,"b:39:15:39:62:39:62:39:114":3,"b:40:6:44:Infinity:undefined:undefined:undefined:undefined":4,"s:40:6:44:Infinity":16,"b:42:8:42:Infinity:undefined:undefined:undefined:undefined":5,"s:42:8:42:Infinity":17,"s:42:37:42:Infinity":18,"b:43:8:43:Infinity:undefined:undefined:undefined:undefined":6,"s:43:8:43:Infinity":19,"s:43:37:43:Infinity":20,"s:45:6:45:Infinity":21,"s:46:6:46:Infinity":22,"s:47:6:47:Infinity":23,"b:48:4:52:Infinity:50:4:52:Infinity":7,"s:48:4:52:Infinity":24,"s:49:6:49:Infinity":25,"b:50:4:52:Infinity:undefined:undefined:undefined:undefined":8,"s:50:4:52:Infinity":26,"s:51:6:51:Infinity":27,"b:56:2:59:Infinity:undefined:undefined:undefined:undefined":9,"s:56:2:59:Infinity":28,"b:57:4:57:Infinity:undefined:undefined:undefined:undefined":10,"s:57:4:57:Infinity":29,"s:57:33:57:Infinity":30,"b:58:4:58:Infinity:undefined:undefined:undefined:undefined":11,"s:58:4:58:Infinity":31,"s:58:33:58:Infinity":32,"b:61:2:63:Infinity:undefined:undefined:undefined:undefined":12,"s:61:2:63:Infinity":33,"s:62:4:62:Infinity":34,"b:65:2:67:Infinity:undefined:undefined:undefined:undefined":13,"s:65:2:67:Infinity":35,"s:66:4:66:Infinity":36,"s:69:2:73:Infinity":37}}}
}
